<?xml version="1.0" encoding="UTF-8"?>
<robot generator="Robot 7.4.2 (Python 3.14.4 on win32)" generated="2026-06-10T22:57:39.266199" rpa="false" schemaversion="5">
<suite id="s1" name="Primeiro Teste" source="C:\git\Robot Framework\primeiro_teste.robot">
<test id="s1-t1" name="Abrir navegador e acessar o site do organo" line="5">
<kw name="Open Browser" owner="SeleniumLibrary">
<msg time="2026-06-10T22:57:39.579758" level="INFO">Opening browser 'Chrome' to base url 'http://localhost:3000/'.</msg>
<arg>url=http://localhost:3000/</arg>
<arg>browser=Chrome</arg>
<doc>Opens a new browser instance to the optional ``url``.</doc>
<status status="PASS" start="2026-06-10T22:57:39.579251" elapsed="2.439507"/>
</kw>
<status status="PASS" start="2026-06-10T22:57:39.578064" elapsed="2.441777"/>
</test>
<test id="s1-t2" name="Preencher os campos do formulario" line="9">
<kw name="Input Text" owner="SeleniumLibrary">
<msg time="2026-06-10T22:57:42.021859" level="INFO">Typing text 'Ian' into text field 'id:form-nome'.</msg>
<arg>id:form-nome</arg>
<arg>Ian</arg>
<doc>Types the given ``text`` into the text field identified by ``locator``.</doc>
<status status="PASS" start="2026-06-10T22:57:42.021063" elapsed="0.200368"/>
</kw>
<kw name="Input Text" owner="SeleniumLibrary">
<msg time="2026-06-10T22:57:42.222759" level="INFO">Typing text 'Estagiario' into text field 'id:form-cargo'.</msg>
<arg>id:form-cargo</arg>
<arg>Estagiario</arg>
<doc>Types the given ``text`` into the text field identified by ``locator``.</doc>
<status status="PASS" start="2026-06-10T22:57:42.222260" elapsed="0.109410"/>
</kw>
<kw name="Input Text" owner="SeleniumLibrary">
<msg time="2026-06-10T22:57:42.332602" level="INFO">Typing text 'https://picsum.photos/200/300' into text field 'id:form-imagem'.</msg>
<arg>id:form-imagem</arg>
<arg>https://picsum.photos/200/300</arg>
<doc>Types the given ``text`` into the text field identified by ``locator``.</doc>
<status status="PASS" start="2026-06-10T22:57:42.332208" elapsed="0.149479"/>
</kw>
<kw name="Click Element" owner="SeleniumLibrary">
<msg time="2026-06-10T22:57:42.482570" level="INFO">Clicking element 'class:lista-suspensa'.</msg>
<arg>class:lista-suspensa</arg>
<doc>Click the element identified by ``locator``.</doc>
<status status="PASS" start="2026-06-10T22:57:42.482157" elapsed="0.101098"/>
</kw>
<kw name="Click Element" owner="SeleniumLibrary">
<msg time="2026-06-10T22:57:42.584138" level="INFO">Clicking element '//option[contains(.,'Programação')]'.</msg>
<arg>//option[contains(.,'Programação')]</arg>
<doc>Click the element identified by ``locator``.</doc>
<status status="PASS" start="2026-06-10T22:57:42.583728" elapsed="0.069878"/>
</kw>
<kw name="Sleep" owner="BuiltIn">
<msg time="2026-06-10T22:57:52.655514" level="INFO">Slept 10 seconds.</msg>
<arg>10s</arg>
<doc>Pauses the test executed for the given time.</doc>
<status status="PASS" start="2026-06-10T22:57:42.654151" elapsed="10.001777"/>
</kw>
<kw name="Click Element" owner="SeleniumLibrary">
<msg time="2026-06-10T22:57:52.658624" level="INFO">Clicking element 'id:form-botao'.</msg>
<arg>id:form-botao</arg>
<doc>Click the element identified by ``locator``.</doc>
<status status="PASS" start="2026-06-10T22:57:52.657392" elapsed="0.090640"/>
</kw>
<kw name="Element Should Be Visible" owner="SeleniumLibrary">
<msg time="2026-06-10T22:57:52.772129" level="INFO">Element 'class:colaborador' is displayed.</msg>
<arg>class:colaborador</arg>
<doc>Verifies that the element identified by ``locator`` is visible.</doc>
<status status="PASS" start="2026-06-10T22:57:52.749559" elapsed="0.022689"/>
</kw>
<kw name="Sleep" owner="BuiltIn">
<msg time="2026-06-10T22:57:57.773447" level="INFO">Slept 5 seconds.</msg>
<arg>5s</arg>
<doc>Pauses the test executed for the given time.</doc>
<status status="PASS" start="2026-06-10T22:57:52.772667" elapsed="5.000902"/>
</kw>
<status status="PASS" start="2026-06-10T22:57:42.020435" elapsed="15.753542"/>
</test>
<status status="PASS" start="2026-06-10T22:57:39.267824" elapsed="18.514915"/>
</suite>
<statistics>
<total>
<stat pass="2" fail="0" skip="0">All Tests</stat>
</total>
<tag>
</tag>
<suite>
<stat name="Primeiro Teste" id="s1" pass="2" fail="0" skip="0">Primeiro Teste</stat>
</suite>
</statistics>
<errors>
</errors>
</robot>
